Arguments: 
  /usr/local/Cellar/node/7.0.0/bin/node /usr/local/bin/yarn

PATH: 
  /Users/sivagao/projects/topics/golang/bin:/Users/sivagao/dev/protoc-3.2.0/bin:/Users/sivagao/dev/bin:/Users/sivagao/anaconda3/bin:/Users/sivagao/Library/Python/2.7/bin:/usr/local/Cellar/node/7.0.0/bin:/Users/sivagao/dev/apache-maven-3.3.9/bin:/Users/sivagao/bin:/Users/sivagao/.rbenv/bin:/bin:/Users/sivagao/bin/sdk/tools:/Users/sivagao/bin/sdk/platform-tools:/Users/sivagao/bin/ant/bin:/Users/sivagao/bin/cordova-android/bin:/usr/local/bin:/Users/sivagao/dev/gradle-3.1/bin:/Users/sivagao/dev/apache-maven-3.3.9/bin:/usr/bin:/bin:/usr/sbin:/sbin:/Applications/Genymotion Shell.app/Contents/MacOS/:/Applications/Genymotion.app/Contents/MacOS/

Yarn version: 
  0.16.1

Node version: 
  7.0.0

Platform: 
  darwin x64

npm manifest: 
  {
    "name": "pd-vis",
    "description": "tidb pd visualiation",
    "scripts": {
      "dev": "webpack-dev-server --inline --hot --env.dev",
      "build": "rimraf dist && webpack -p --progress --hide-modules"
    },
    "dependencies": {
      "vue": "^2.5.2"
    },
    "engines": {
      "node": ">=6"
    },
    "devDependencies": {
      "autoprefixer": "^6.6.0",
      "babel-core": "^6.24.1",
      "babel-loader": "^6.4.0",
      "babel-preset-vue-app": "^1.2.0",
      "css-loader": "^0.27.0",
      "file-loader": "^0.10.1",
      "html-webpack-plugin": "^2.24.1",
      "postcss-loader": "^1.3.3",
      "rimraf": "^2.5.4",
      "style-loader": "^0.13.2",
      "url-loader": "^0.5.8",
      "vue-loader": "^13.3.0",
      "vue-template-compiler": "^2.5.2",
      "webpack": "^2.4.1",
      "webpack-dev-server": "^2.4.2"
    }
  }

yarn manifest: 
  No manifest

bower manifest: 
  No manifest

Lockfile: 
  No lockfile

Trace: 
  TypeError: Cannot use 'in' operator to search for '^6.24.1' in undefined
      at /usr/local/Cellar/yarn/0.16.1/libexec/lib/node_modules/yarn/lib/resolvers/registries/npm-resolver.js:62:17
      at Generator.next (<anonymous>)
      at step (/usr/local/Cellar/yarn/0.16.1/libexec/lib/node_modules/yarn/node_modules/babel-runtime/helpers/asyncToGenerator.js:17:30)
      at /usr/local/Cellar/yarn/0.16.1/libexec/lib/node_modules/yarn/node_modules/babel-runtime/helpers/asyncToGenerator.js:35:14
      at F (/usr/local/Cellar/yarn/0.16.1/libexec/lib/node_modules/yarn/node_modules/core-js/library/modules/_export.js:35:28)
      at /usr/local/Cellar/yarn/0.16.1/libexec/lib/node_modules/yarn/node_modules/babel-runtime/helpers/asyncToGenerator.js:14:12
      at Function.findVersionInRegistryResponse (/usr/local/Cellar/yarn/0.16.1/libexec/lib/node_modules/yarn/lib/resolvers/registries/npm-resolver.js:72:7)
      at /usr/local/Cellar/yarn/0.16.1/libexec/lib/node_modules/yarn/lib/resolvers/registries/npm-resolver.js:89:34
      at Generator.next (<anonymous>)
      at step (/usr/local/Cellar/yarn/0.16.1/libexec/lib/node_modules/yarn/node_modules/babel-runtime/helpers/asyncToGenerator.js:17:30)
